<?xml version="1.0" encoding="UTF-8"?>
<coverage generated="1692107244205" clover="3.2.0">
  <project timestamp="1692107244206" name="All files">
    <metrics statements="10" coveredstatements="10" conditionals="0" coveredconditionals="0" methods="6" coveredmethods="6" elements="16" coveredelements="16" complexity="0" loc="10" ncloc="10" packages="1" files="6" classes="6"/>
    <file name="AlbumAxios.vue" path="C:\Users\LebohangMokodutlo\unit-e2e-testing\src\components\AlbumAxios.vue">
      <metrics statements="1" coveredstatements="1" conditionals="0" coveredconditionals="0" methods="1" coveredmethods="1"/>
      <line num="1" count="10" type="stmt"/>
    </file>
    <file name="CountChar.vue" path="C:\Users\LebohangMokodutlo\unit-e2e-testing\src\components\CountChar.vue">
      <metrics statements="2" coveredstatements="2" conditionals="0" coveredconditionals="0" methods="1" coveredmethods="1"/>
      <line num="1" count="12" type="stmt"/>
      <line num="9" count="1" type="stmt"/>
    </file>
    <file name="MethodComponent.vue" path="C:\Users\LebohangMokodutlo\unit-e2e-testing\src\components\MethodComponent.vue">
      <metrics statements="2" coveredstatements="2" conditionals="0" coveredconditionals="0" methods="1" coveredmethods="1"/>
      <line num="1" count="12" type="stmt"/>
      <line num="7" count="1" type="stmt"/>
    </file>
    <file name="MyAxios.vue" path="C:\Users\LebohangMokodutlo\unit-e2e-testing\src\components\MyAxios.vue">
      <metrics statements="1" coveredstatements="1" conditionals="0" coveredconditionals="0" methods="1" coveredmethods="1"/>
      <line num="1" count="10" type="stmt"/>
    </file>
    <file name="TestDriven.vue" path="C:\Users\LebohangMokodutlo\unit-e2e-testing\src\components\TestDriven.vue">
      <metrics statements="2" coveredstatements="2" conditionals="0" coveredconditionals="0" methods="1" coveredmethods="1"/>
      <line num="1" count="9" type="stmt"/>
      <line num="7" count="1" type="stmt"/>
    </file>
    <file name="VueProps.vue" path="C:\Users\LebohangMokodutlo\unit-e2e-testing\src\components\VueProps.vue">
      <metrics statements="2" coveredstatements="2" conditionals="0" coveredconditionals="0" methods="1" coveredmethods="1"/>
      <line num="1" count="15" type="stmt"/>
      <line num="11" count="2" type="stmt"/>
    </file>
  </project>
</coverage>
