{"C:\\Users\\LebohangMokodutlo\\unit-e2e-testing\\src\\components\\AlbumAxios.vue": {"path":"C:\\Users\\LebohangMokodutlo\\unit-e2e-testing\\src\\components\\AlbumAxios.vue","statementMap":{"0":{"start":{"line":1,"column":0},"end":{"line":1,"column":null}}},"fnMap":{"0":{"name":"(anonymous_0)","decl":{"start":{"line":1,"column":0},"end":{"line":1,"column":null}},"loc":{"start":{"line":1,"column":0},"end":{"line":1,"column":null}}}},"branchMap":{},"s":{"0":10},"f":{"0":3},"b":{}}
,"C:\\Users\\LebohangMokodutlo\\unit-e2e-testing\\src\\components\\CountChar.vue": {"path":"C:\\Users\\LebohangMokodutlo\\unit-e2e-testing\\src\\components\\CountChar.vue","statementMap":{"0":{"start":{"line":9,"column":0},"end":{"line":26,"column":null}},"1":{"start":{"line":1,"column":0},"end":{"line":1,"column":null}}},"fnMap":{"0":{"name":"(anonymous_2)","decl":{"start":{"line":1,"column":0},"end":{"line":1,"column":null}},"loc":{"start":{"line":1,"column":0},"end":{"line":1,"column":null}}}},"branchMap":{},"s":{"0":1,"1":12},"f":{"0":3},"b":{}}
,"C:\\Users\\LebohangMokodutlo\\unit-e2e-testing\\src\\components\\MethodComponent.vue": {"path":"C:\\Users\\LebohangMokodutlo\\unit-e2e-testing\\src\\components\\MethodComponent.vue","statementMap":{"0":{"start":{"line":7,"column":0},"end":{"line":19,"column":null}},"1":{"start":{"line":1,"column":0},"end":{"line":1,"column":null}}},"fnMap":{"0":{"name":"(anonymous_2)","decl":{"start":{"line":1,"column":0},"end":{"line":1,"column":null}},"loc":{"start":{"line":1,"column":0},"end":{"line":1,"column":null}}}},"branchMap":{},"s":{"0":1,"1":12},"f":{"0":3},"b":{}}
,"C:\\Users\\LebohangMokodutlo\\unit-e2e-testing\\src\\components\\MyAxios.vue": {"path":"C:\\Users\\LebohangMokodutlo\\unit-e2e-testing\\src\\components\\MyAxios.vue","statementMap":{"0":{"start":{"line":1,"column":0},"end":{"line":1,"column":null}}},"fnMap":{"0":{"name":"(anonymous_0)","decl":{"start":{"line":1,"column":0},"end":{"line":1,"column":null}},"loc":{"start":{"line":1,"column":0},"end":{"line":1,"column":null}}}},"branchMap":{},"s":{"0":10},"f":{"0":3},"b":{}}
,"C:\\Users\\LebohangMokodutlo\\unit-e2e-testing\\src\\components\\TestDriven.vue": {"path":"C:\\Users\\LebohangMokodutlo\\unit-e2e-testing\\src\\components\\TestDriven.vue","statementMap":{"0":{"start":{"line":7,"column":0},"end":{"line":21,"column":null}},"1":{"start":{"line":1,"column":0},"end":{"line":1,"column":null}}},"fnMap":{"0":{"name":"(anonymous_2)","decl":{"start":{"line":1,"column":0},"end":{"line":1,"column":null}},"loc":{"start":{"line":1,"column":0},"end":{"line":1,"column":null}}}},"branchMap":{},"s":{"0":1,"1":9},"f":{"0":2},"b":{}}
,"C:\\Users\\LebohangMokodutlo\\unit-e2e-testing\\src\\components\\VueProps.vue": {"path":"C:\\Users\\LebohangMokodutlo\\unit-e2e-testing\\src\\components\\VueProps.vue","statementMap":{"0":{"start":{"line":11,"column":0},"end":{"line":34,"column":null}},"1":{"start":{"line":1,"column":0},"end":{"line":1,"column":null}}},"fnMap":{"0":{"name":"(anonymous_2)","decl":{"start":{"line":1,"column":0},"end":{"line":1,"column":null}},"loc":{"start":{"line":1,"column":0},"end":{"line":1,"column":null}}}},"branchMap":{},"s":{"0":2,"1":15},"f":{"0":3},"b":{}}
}
