TN:
SF:src\components\AlbumAxios.vue
FN:1,(anonymous_0)
FNF:1
FNH:1
FNDA:3,(anonymous_0)
DA:1,10
LF:1
LH:1
BRF:0
BRH:0
end_of_record
TN:
SF:src\components\CountChar.vue
FN:1,(anonymous_2)
FNF:1
FNH:1
FNDA:3,(anonymous_2)
DA:1,12
DA:9,1
LF:2
LH:2
BRF:0
BRH:0
end_of_record
TN:
SF:src\components\MethodComponent.vue
FN:1,(anonymous_2)
FNF:1
FNH:1
FNDA:3,(anonymous_2)
DA:1,12
DA:7,1
LF:2
LH:2
BRF:0
BRH:0
end_of_record
TN:
SF:src\components\MyAxios.vue
FN:1,(anonymous_0)
FNF:1
FNH:1
FNDA:3,(anonymous_0)
DA:1,10
LF:1
LH:1
BRF:0
BRH:0
end_of_record
TN:
SF:src\components\TestDriven.vue
FN:1,(anonymous_2)
FNF:1
FNH:1
FNDA:2,(anonymous_2)
DA:1,9
DA:7,1
LF:2
LH:2
BRF:0
BRH:0
end_of_record
TN:
SF:src\components\VueProps.vue
FN:1,(anonymous_2)
FNF:1
FNH:1
FNDA:3,(anonymous_2)
DA:1,15
DA:11,2
LF:2
LH:2
BRF:0
BRH:0
end_of_record
